d:\programming stuff\twentysixteen\twentysixteen\debug\vc140.pdb
d:\programming stuff\twentysixteen\twentysixteen\debug\vc140.idb
d:\programming stuff\twentysixteen\twentysixteen\debug\main.obj
d:\programming stuff\twentysixteen\twentysixteen\debug\paintbrush.obj
d:\programming stuff\twentysixteen\twentysixteen\debug\ttftechdemo.obj
d:\programming stuff\twentysixteen\twentysixteen\debug\spinetechdemo.obj
d:\programming stuff\twentysixteen\twentysixteen\debug\spine_data.obj
d:\programming stuff\twentysixteen\twentysixteen\debug\base_user_interface.obj
d:\programming stuff\twentysixteen\twentysixteen\debug\audio_controller.obj
d:\programming stuff\twentysixteen\twentysixteen\debug\model_data.obj
d:\programming stuff\twentysixteen\twentysixteen\debug\audiotechdemo.obj
d:\programming stuff\twentysixteen\twentysixteen\debug\modeltechdemo.obj
d:\programming stuff\twentysixteen\twentysixteen\debug\shadertechdemo.obj
d:\programming stuff\twentysixteen\twentysixteen\debug\linear_algebra.obj
d:\programming stuff\twentysixteen\twentysixteen\debug\modeltopolygontechdemo.obj
d:\programming stuff\twentysixteen\twentysixteen\debug\grasstechdemo.obj
d:\programming stuff\twentysixteen\twentysixteen\debug\scenetechdemo.obj
d:\programming stuff\twentysixteen\twentysixteen\debug\emittertechdemo.obj
d:\programming stuff\twentysixteen\twentysixteen\debug\lighttechdemo.obj
d:\programming stuff\twentysixteen\twentysixteen\debug\physicstechdemo.obj
d:\programming stuff\twentysixteen\twentysixteen\debug\entity.obj
d:\programming stuff\twentysixteen\twentysixteen\debug\light_manager.obj
d:\programming stuff\twentysixteen\twentysixteen\debug\vfxgrass.obj
d:\programming stuff\twentysixteen\debug\twentysixteen.exe
d:\programming stuff\twentysixteen\debug\twentysixteen.pdb
d:\programming stuff\twentysixteen\twentysixteen\debug\twentysixteen.tlog\cl.command.1.tlog
d:\programming stuff\twentysixteen\twentysixteen\debug\twentysixteen.tlog\cl.read.1.tlog
d:\programming stuff\twentysixteen\twentysixteen\debug\twentysixteen.tlog\cl.write.1.tlog
d:\programming stuff\twentysixteen\twentysixteen\debug\twentysixteen.tlog\link.11572.read.1.tlog
d:\programming stuff\twentysixteen\twentysixteen\debug\twentysixteen.tlog\link.11572.write.1.tlog
d:\programming stuff\twentysixteen\twentysixteen\debug\twentysixteen.tlog\link.13620.read.1.tlog
d:\programming stuff\twentysixteen\twentysixteen\debug\twentysixteen.tlog\link.13620.write.1.tlog
d:\programming stuff\twentysixteen\twentysixteen\debug\twentysixteen.tlog\link.1388.read.1.tlog
d:\programming stuff\twentysixteen\twentysixteen\debug\twentysixteen.tlog\link.1388.write.1.tlog
d:\programming stuff\twentysixteen\twentysixteen\debug\twentysixteen.tlog\link.14220.read.1.tlog
d:\programming stuff\twentysixteen\twentysixteen\debug\twentysixteen.tlog\link.14220.write.1.tlog
d:\programming stuff\twentysixteen\twentysixteen\debug\twentysixteen.tlog\link.command.1.tlog
d:\programming stuff\twentysixteen\twentysixteen\debug\twentysixteen.tlog\link.read.1.tlog
d:\programming stuff\twentysixteen\twentysixteen\debug\twentysixteen.tlog\link.write.1.tlog
