  base_user_interface.cpp
d:\programming stuff\twentysixteen\twentysixteen\src\base_user_interface.h(60): warning C4018: '>=': signed/unsigned mismatch
src\base_user_interface.cpp(25): warning C4018: '<': signed/unsigned mismatch
src\base_user_interface.cpp(36): warning C4305: 'argument': truncation from 'double' to 'float'
src\base_user_interface.cpp(36): warning C4244: 'argument': conversion from 'double' to 'float', possible loss of data
src\base_user_interface.cpp(59): warning C4018: '<': signed/unsigned mismatch
  main.cpp
d:\programming stuff\twentysixteen\twentysixteen\src\techdemos\../base_user_interface.h(60): warning C4018: '>=': signed/unsigned mismatch
d:\programming stuff\twentysixteen\twentysixteen\src\techdemos\basetechdemo.h(29): warning C4305: 'argument': truncation from 'double' to 'float'
d:\programming stuff\twentysixteen\twentysixteen\src\techdemos\basetechdemo.h(32): warning C4305: 'argument': truncation from 'double' to 'float'
src\main.cpp(90): warning C4101: 'type': unreferenced local variable
src\main.cpp(162): warning C4244: 'initializing': conversion from 'Uint32' to 'float', possible loss of data
src\main.cpp(171): warning C4244: '=': conversion from 'Uint32' to 'float', possible loss of data
  model_data.cpp
src\model_data.cpp(63): warning C4018: '<': signed/unsigned mismatch
src\model_data.cpp(66): warning C4018: '<': signed/unsigned mismatch
src\model_data.cpp(39): warning C4101: 'filename': unreferenced local variable
  paintbrush.cpp
src\paintbrush.cpp(91): warning C4101: 'i': unreferenced local variable
src\paintbrush.cpp(135): warning C4018: '<': signed/unsigned mismatch
src\paintbrush.cpp(137): warning C4018: '<': signed/unsigned mismatch
  spine_data.cpp
src\spine_data.cpp(127): warning C4244: '=': conversion from 'Uint32' to 'float', possible loss of data
  AudioTechDemo.cpp
d:\programming stuff\twentysixteen\twentysixteen\src\techdemos\../base_user_interface.h(60): warning C4018: '>=': signed/unsigned mismatch
d:\programming stuff\twentysixteen\twentysixteen\src\techdemos\basetechdemo.h(29): warning C4305: 'argument': truncation from 'double' to 'float'
d:\programming stuff\twentysixteen\twentysixteen\src\techdemos\basetechdemo.h(32): warning C4305: 'argument': truncation from 'double' to 'float'
src\techdemos\AudioTechDemo.cpp(6): warning C4305: 'argument': truncation from 'double' to 'float'
src\techdemos\AudioTechDemo.cpp(8): warning C4305: 'argument': truncation from 'double' to 'float'
src\techdemos\AudioTechDemo.cpp(9): warning C4305: 'argument': truncation from 'double' to 'float'
src\techdemos\AudioTechDemo.cpp(10): warning C4305: 'argument': truncation from 'double' to 'float'
src\techdemos\AudioTechDemo.cpp(12): warning C4305: 'argument': truncation from 'double' to 'float'
  ModelTechDemo.cpp
d:\programming stuff\twentysixteen\twentysixteen\src\techdemos\../base_user_interface.h(60): warning C4018: '>=': signed/unsigned mismatch
d:\programming stuff\twentysixteen\twentysixteen\src\techdemos\basetechdemo.h(29): warning C4305: 'argument': truncation from 'double' to 'float'
d:\programming stuff\twentysixteen\twentysixteen\src\techdemos\basetechdemo.h(32): warning C4305: 'argument': truncation from 'double' to 'float'
src\techdemos\ModelTechDemo.cpp(6): warning C4305: 'argument': truncation from 'double' to 'float'
src\techdemos\ModelTechDemo.cpp(7): warning C4305: 'argument': truncation from 'double' to 'float'
src\techdemos\ModelTechDemo.cpp(8): warning C4305: 'argument': truncation from 'double' to 'float'
  SpineTechDemo.cpp
d:\programming stuff\twentysixteen\twentysixteen\src\techdemos\../base_user_interface.h(60): warning C4018: '>=': signed/unsigned mismatch
d:\programming stuff\twentysixteen\twentysixteen\src\techdemos\basetechdemo.h(29): warning C4305: 'argument': truncation from 'double' to 'float'
d:\programming stuff\twentysixteen\twentysixteen\src\techdemos\basetechdemo.h(32): warning C4305: 'argument': truncation from 'double' to 'float'
src\techdemos\SpineTechDemo.cpp(6): warning C4305: 'argument': truncation from 'double' to 'float'
src\techdemos\SpineTechDemo.cpp(7): warning C4305: 'argument': truncation from 'double' to 'float'
  TTFTechDemo.cpp
d:\programming stuff\twentysixteen\twentysixteen\src\techdemos\../base_user_interface.h(60): warning C4018: '>=': signed/unsigned mismatch
d:\programming stuff\twentysixteen\twentysixteen\src\techdemos\basetechdemo.h(29): warning C4305: 'argument': truncation from 'double' to 'float'
d:\programming stuff\twentysixteen\twentysixteen\src\techdemos\basetechdemo.h(32): warning C4305: 'argument': truncation from 'double' to 'float'
src\techdemos\TTFTechDemo.cpp(6): warning C4305: 'argument': truncation from 'double' to 'float'
src\techdemos\TTFTechDemo.cpp(7): warning C4305: 'argument': truncation from 'double' to 'float'
  Generating code
  35 of 1254 functions ( 2.8%) were compiled, the rest were copied from previous compilation.
    6 functions were new in current compilation
    3 functions had inline decision re-evaluated but remain unchanged
  Finished generating code
  twentysixteen.vcxproj -> D:\programming stuff\twentysixteen\Release\twentysixteen.exe
