d:\programming stuff\twentysixteen\twentysixteen\release\vc140.pdb
d:\programming stuff\twentysixteen\twentysixteen\release\physicstechdemo.obj
d:\programming stuff\twentysixteen\twentysixteen\release\spine_data.obj
d:\programming stuff\twentysixteen\twentysixteen\release\main.obj
d:\programming stuff\twentysixteen\twentysixteen\release\linear_algebra.obj
d:\programming stuff\twentysixteen\twentysixteen\release\game_entity.obj
d:\programming stuff\twentysixteen\twentysixteen\release\ttftechdemo.obj
d:\programming stuff\twentysixteen\twentysixteen\release\spinetechdemo.obj
d:\programming stuff\twentysixteen\twentysixteen\release\shadertechdemo.obj
d:\programming stuff\twentysixteen\twentysixteen\release\scenetechdemo.obj
d:\programming stuff\twentysixteen\twentysixteen\release\modeltopolygontechdemo.obj
d:\programming stuff\twentysixteen\twentysixteen\release\modeltechdemo.obj
d:\programming stuff\twentysixteen\twentysixteen\release\lighttechdemo.obj
d:\programming stuff\twentysixteen\twentysixteen\release\grasstechdemo.obj
d:\programming stuff\twentysixteen\twentysixteen\release\emittertechdemo.obj
d:\programming stuff\twentysixteen\twentysixteen\release\audiotechdemo.obj
d:\programming stuff\twentysixteen\twentysixteen\release\particles.obj
d:\programming stuff\twentysixteen\twentysixteen\release\paintbrush.obj
d:\programming stuff\twentysixteen\twentysixteen\release\model_data.obj
d:\programming stuff\twentysixteen\twentysixteen\release\entity.obj
d:\programming stuff\twentysixteen\twentysixteen\release\base_user_interface.obj
d:\programming stuff\twentysixteen\twentysixteen\release\vfxgrass.obj
d:\programming stuff\twentysixteen\twentysixteen\release\light_manager.obj
d:\programming stuff\twentysixteen\twentysixteen\release\audio_controller.obj
d:\programming stuff\twentysixteen\twentysixteen\release\spine_entity.obj
d:\programming stuff\twentysixteen\twentysixteen\release\player_entity.obj
d:\programming stuff\twentysixteen\twentysixteen\release\base_gamelevel.obj
d:\programming stuff\twentysixteen\twentysixteen\release\postprocessdemo.obj
d:\programming stuff\twentysixteen\twentysixteen\release\enemytechdemo.obj
d:\programming stuff\twentysixteen\twentysixteen\release\npc_entity.obj
d:\programming stuff\twentysixteen\twentysixteen\release\editortechdemo.obj
d:\programming stuff\twentysixteen\twentysixteen\release\leveleditor.obj
d:\programming stuff\twentysixteen\twentysixteen\release\graveyardtechdemo.obj
d:\programming stuff\twentysixteen\twentysixteen\release\towntechdemo.obj
d:\programming stuff\twentysixteen\twentysixteen\release\meadowtechdemo.obj
d:\programming stuff\twentysixteen\twentysixteen\release\marshtechdemo.obj
d:\programming stuff\twentysixteen\twentysixteen\release\dungeontechdemo.obj
d:\programming stuff\twentysixteen\twentysixteen\release\skeleton_entity.obj
d:\programming stuff\twentysixteen\twentysixteen\release\archer_entity.obj
d:\programming stuff\twentysixteen\twentysixteen\release\arrow_entity.obj
d:\programming stuff\twentysixteen\twentysixteen\release\button_entity.obj
d:\programming stuff\twentysixteen\twentysixteen\release\portcullis_entity.obj
d:\programming stuff\twentysixteen\twentysixteen\release\swordsman_entity.obj
d:\programming stuff\twentysixteen\twentysixteen\release\enemy_sidefire.obj
d:\programming stuff\twentysixteen\twentysixteen\release\breakouttechdemo.obj
d:\programming stuff\twentysixteen\twentysixteen\release\joketechdemo.obj
d:\programming stuff\twentysixteen\twentysixteen\release\fogofwartechdemo.obj
d:\programming stuff\twentysixteen\twentysixteen\release\grid_manager.obj
d:\programming stuff\twentysixteen\release\twentysixteen.exe
d:\programming stuff\twentysixteen\twentysixteen\release\twentysixteen.tlog\cl.command.1.tlog
d:\programming stuff\twentysixteen\twentysixteen\release\twentysixteen.tlog\cl.read.1.tlog
d:\programming stuff\twentysixteen\twentysixteen\release\twentysixteen.tlog\cl.write.1.tlog
d:\programming stuff\twentysixteen\twentysixteen\release\twentysixteen.tlog\link.command.1.tlog
d:\programming stuff\twentysixteen\twentysixteen\release\twentysixteen.tlog\link.read.1.tlog
d:\programming stuff\twentysixteen\twentysixteen\release\twentysixteen.tlog\link.write.1.tlog
